<?xml version="1.0" encoding="UTF-8"?>
<testsuite name="Default test"
           tests="2"
           failures="0"
           errors="0"
           skipped="0"
           time="0.053">
    <properties></properties>



            <testcase
                name="VerifyThe_Menu_Item_Text_On_Myinfo"
                time="0.045"
                classname="testcases.MyInfoTest">
            </testcase>
            <testcase
                name="VerifyThe_Menu_Item_Count_On_Myinfo"
                time="0.008"
                classname="testcases.MyInfoTest">
            </testcase>
</testsuite>
